Build started 4/17/2016 01:04:26.
     1>Project "D:\Programele Mele\C++\Cuda\CudaOpenCV\CudaOpenCV\CudaOpenCV.vcxproj" on node 2 (Build target(s)).
     1>ClCompile:
         D:\Programe\Microsoft Visual Studio 12.0\VC\bin\x86_amd64\CL.exe /c /I"C:\Program Files\NVIDIA GPU Computing Toolkit\CUDA\v7.5\include" /I"C:\Program Files\NVIDIA GPU Computing Toolkit\CUDA\v7.5\include" /I"D:\Programe\Microsoft Visual Studio 12.0\opencv\build\x64\vc12\..\..\include" /Zi /nologo /W3 /WX- /Od /Oi /GL /D WIN32 /D WIN64 /D NDEBUG /D _CONSOLE /D _MBCS /Gm- /EHsc /MD /GS /Gy /fp:precise /Zc:wchar_t /Zc:forScope /Fo"x64\Release\\" /Fd"x64\Release\vc120.pdb" /Gd /TP /errorReport:prompt Main.cpp
         Main.cpp
     1>Main.cpp(476): warning C4101: 'change' : unreferenced local variable
       Link:
         D:\Programe\Microsoft Visual Studio 12.0\VC\bin\x86_amd64\link.exe /ERRORREPORT:PROMPT /OUT:"D:\Programele Mele\C++\Cuda\CudaOpenCV\x64\Release\CudaOpenCV.exe" /NOLOGO /LIBPATH:"C:\Program Files\NVIDIA GPU Computing Toolkit\CUDA\v7.5\lib\x64" /LIBPATH:"C:\Program Files\NVIDIA GPU Computing Toolkit\CUDA\v7.5\lib\x64" /LIBPATH:"D:\Programe\Microsoft Visual Studio 12.0\opencv\build\x64\vc12\lib" cudart.lib kernel32.lib user32.lib gdi32.lib winspool.lib comdlg32.lib advapi32.lib shell32.lib ole32.lib oleaut32.lib uuid.lib odbc32.lib odbccp32.lib opencv_world310d.lib kernel32.lib user32.lib gdi32.lib winspool.lib comdlg32.lib advapi32.lib shell32.lib ole32.lib oleaut32.lib uuid.lib odbc32.lib odbccp32.lib /MANIFEST /MANIFESTUAC:"level='asInvoker' uiAccess='false'" /manifest:embed /DEBUG /PDB:"D:\Programele Mele\C++\Cuda\CudaOpenCV\x64\Release\CudaOpenCV.pdb" /SUBSYSTEM:CONSOLE /OPT:REF /OPT:ICF /LTCG /TLBID:1 /DYNAMICBASE /NXCOMPAT /IMPLIB:"D:\Programele Mele\C++\Cuda\CudaOpenCV\x64\Release\CudaOpenCV.lib" /MACHINE:X64 x64\Release\kernel.cu.obj
         x64\Release\Main.obj
         Generating code
         Finished generating code
         CudaOpenCV.vcxproj -> D:\Programele Mele\C++\Cuda\CudaOpenCV\x64\Release\CudaOpenCV.exe
       PostBuildEvent:
         echo copy "C:\Program Files\NVIDIA GPU Computing Toolkit\CUDA\v7.5\bin\cudart*.dll" "D:\Programele Mele\C++\Cuda\CudaOpenCV\x64\Release\"
         copy "C:\Program Files\NVIDIA GPU Computing Toolkit\CUDA\v7.5\bin\cudart*.dll" "D:\Programele Mele\C++\Cuda\CudaOpenCV\x64\Release\"
         :VCEnd
         copy "C:\Program Files\NVIDIA GPU Computing Toolkit\CUDA\v7.5\bin\cudart*.dll" "D:\Programele Mele\C++\Cuda\CudaOpenCV\x64\Release\"
         C:\Program Files\NVIDIA GPU Computing Toolkit\CUDA\v7.5\bin\cudart32_75.dll
         C:\Program Files\NVIDIA GPU Computing Toolkit\CUDA\v7.5\bin\cudart64_75.dll
                 2 file(s) copied.
     1>Done Building Project "D:\Programele Mele\C++\Cuda\CudaOpenCV\CudaOpenCV\CudaOpenCV.vcxproj" (Build target(s)).

Build succeeded.

Time Elapsed 00:00:00.83
